[18:01:54] [ServerMain/INFO]: Environment: Environment[sessionHost=https://sessionserver.mojang.com, servicesHost=https://api.minecraftservices.com, profilesHost=https://api.mojang.com, name=PROD]
[18:01:54] [ServerMain/INFO]: No existing world data, creating new world
[18:01:55] [ServerMain/INFO]: Loaded 1461 recipes
[18:01:55] [ServerMain/INFO]: Loaded 1574 advancements
[18:01:56] [Server thread/INFO]: Starting minecraft server version 1.21.10
[18:01:56] [Server thread/INFO]: Loading properties
[18:01:56] [Server thread/INFO]: Default game type: SURVIVAL
[18:01:56] [Server thread/INFO]: Generating keypair
[18:01:56] [Server thread/INFO]: Starting Minecraft server on *:25565
[18:01:56] [Server thread/INFO]: Using epoll channel type
[18:01:56] [Server thread/WARN]: **** SERVER IS RUNNING IN OFFLINE/INSECURE MODE!
[18:01:56] [Server thread/WARN]: The server will make no attempt to authenticate usernames. Beware.
[18:01:56] [Server thread/WARN]: While this makes the game possible to play without internet access, it also opens up the ability for hackers to connect with any username they choose.
[18:01:56] [Server thread/WARN]: To change this, set "online-mode" to "true" in the server.properties file.
[18:01:56] [Server thread/INFO]: Preparing level "world"
[18:01:56] [Server thread/INFO]: Selecting global world spawn...
[18:02:02] [Server thread/INFO]: Loading 0 persistent chunks...
[18:02:02] [Server thread/INFO]: Preparing spawn area: 100%
[18:02:02] [Server thread/INFO]: Time elapsed: 6088 ms
[18:02:02] [Server thread/INFO]: Done (6.412s)! For help, type "help"
[18:02:16] [Server thread/INFO]: Cami23m[/127.193.116.232:56767] logged in with entity id 9 at (88.5, 67.0, 217.5)
[18:02:16] [Server thread/INFO]: Cami23m joined the game
[18:02:27] [Server thread/INFO]: Sebas23m[/127.193.116.232:37131] logged in with entity id 348 at (80.5, 64.0, 200.5)
[18:02:27] [Server thread/INFO]: Sebas23m joined the game
[18:02:38] [Server thread/INFO]: Unknown or incomplete command. See below for error
[18:02:38] [Server thread/INFO]: opop Sebas23m<--[HERE]
[18:03:35] [Server thread/INFO]: Incorrect argument for command
[18:03:35] [Server thread/INFO]: op  Sebas23m<--[HERE]
[18:04:01] [Server thread/INFO]: Made Sebas23m a server operator
[18:04:16] [Server thread/INFO]: [Sebas23m: The difficulty has been set to Hard]
[18:04:27] [Server thread/WARN]: Mismatch in destroy block pos: ja{x=79, y=67, z=212} ja{x=78, y=65, z=210}
[18:04:31] [Server thread/INFO]: [Sebas23m: Made Cami23m a server operator]
[18:09:08] [Server thread/INFO]: Sebas23m has made the advancement [Stone Age]
[18:10:56] [Server thread/INFO]: Sebas23m has made the advancement [Getting an Upgrade]
[18:12:08] [Server thread/INFO]: Locating element minecraft:village_plains took 712 ms
[18:13:15] [Server thread/INFO]: Cami23m has made the advancement [Stone Age]
[18:15:11] [Server thread/INFO]: Cami23m has made the advancement [Getting an Upgrade]
[18:17:22] [Server thread/INFO]: Sebas23m has made the advancement [Monster Hunter]
[18:18:06] [Server thread/INFO]: Sebas23m fell from a high place
[18:18:15] [Server thread/INFO]: [Sebas23m: Teleported Sebas23m to Cami23m]
[18:25:27] [Server thread/INFO]: Sebas23m has made the advancement [Acquire Hardware]
[18:28:12] [Server thread/INFO]: [Sebas23m: Teleported Sebas23m to Cami23m]
[18:28:53] [Server thread/INFO]: Cami23m has made the advancement [Acquire Hardware]
[18:32:30] [Server thread/INFO]: Sebas23m has made the advancement [Sweet Dreams]
[18:32:37] [Server thread/INFO]: Cami23m has made the advancement [Sweet Dreams]
